<?xml version="1.0" encoding="UTF-8"?>
<testng-results skipped="0" failed="0" ignored="0" total="1" passed="1">
  <reporter-output>
  </reporter-output>
  <suite name="Suite" duration-ms="23352" started-at="2019-04-22T09:49:50Z" finished-at="2019-04-22T09:50:13Z">
    <groups>
    </groups>
    <test name="LoginTest" duration-ms="23352" started-at="2019-04-22T09:49:50Z" finished-at="2019-04-22T09:50:13Z">
      <class name="test.LoginTest">
        <test-method status="PASS" signature="setup()[pri:0, instance:test.LoginTest@22d6f11]" name="setup" is-config="true" duration-ms="6060" started-at="2019-04-22T09:49:50Z" finished-at="2019-04-22T09:49:56Z">
          <reporter-output>
          </reporter-output>
        </test-method> <!-- setup -->
        <test-method status="PASS" signature="LogIn(java.lang.String, java.lang.String)[pri:0, instance:test.LoginTest@22d6f11]" name="LogIn" duration-ms="15541" started-at="2019-04-22T09:49:56Z" data-provider="Test" finished-at="2019-04-22T09:50:11Z">
          <params>
            <param index="0">
              <value>
                <![CDATA[Los]]>
              </value>
            </param>
            <param index="1">
              <value>
                <![CDATA[Sants]]>
              </value>
            </param>
          </params>
          <reporter-output>
          </reporter-output>
        </test-method> <!-- LogIn -->
        <test-method status="PASS" signature="tearDown()[pri:0, instance:test.LoginTest@22d6f11]" name="tearDown" is-config="true" duration-ms="1234" started-at="2019-04-22T09:50:12Z" finished-at="2019-04-22T09:50:13Z">
          <reporter-output>
          </reporter-output>
        </test-method> <!-- tearDown -->
      </class> <!-- test.LoginTest -->
    </test> <!-- LoginTest -->
  </suite> <!-- Suite -->
</testng-results>
