<?xml version="1.0" encoding="UTF-8"?>
<testng-results ignored="0" total="1" passed="1" failed="0" skipped="0">
  <reporter-output>
  </reporter-output>
  <suite started-at="2019-04-06T14:17:48Z" name="Suite" finished-at="2019-04-06T14:18:04Z" duration-ms="16476">
    <groups>
    </groups>
    <test started-at="2019-04-06T14:17:48Z" name="LoginTest" finished-at="2019-04-06T14:18:04Z" duration-ms="16476">
      <class name="test.LoginTest">
        <test-method is-config="true" signature="setup()[pri:0, instance:test.LoginTest@577f9109]" started-at="2019-04-06T14:17:48Z" name="setup" finished-at="2019-04-06T14:17:53Z" duration-ms="4755" status="PASS">
          <reporter-output>
          </reporter-output>
        </test-method> <!-- setup -->
        <test-method signature="LogIn(java.lang.String, java.lang.String)[pri:0, instance:test.LoginTest@577f9109]" started-at="2019-04-06T14:17:53Z" name="LogIn" data-provider="Test" finished-at="2019-04-06T14:18:03Z" duration-ms="10596" status="PASS">
          <params>
            <param index="0">
              <value>
                <![CDATA[Los]]>
              </value>
            </param>
            <param index="1">
              <value>
                <![CDATA[Sants]]>
              </value>
            </param>
          </params>
          <reporter-output>
          </reporter-output>
        </test-method> <!-- LogIn -->
        <test-method is-config="true" signature="tearDown()[pri:0, instance:test.LoginTest@577f9109]" started-at="2019-04-06T14:18:03Z" name="tearDown" finished-at="2019-04-06T14:18:04Z" duration-ms="779" status="PASS">
          <reporter-output>
          </reporter-output>
        </test-method> <!-- tearDown -->
      </class> <!-- test.LoginTest -->
    </test> <!-- LoginTest -->
  </suite> <!-- Suite -->
</testng-results>
