-------------------------------------------------------------------------------
Test set: TestSuite
-------------------------------------------------------------------------------
Tests run: 2, Failures: 1, Errors: 0, Skipped: 1, Time elapsed: 4.027 s <<< FAILURE! - in TestSuite
beforeClass(org.maven.test.LoginTest)  Time elapsed: 2.877 s  <<< FAILURE!
java.lang.IllegalStateException: The driver executable does not exist: C:\Program Files (x86)\Google\Chrome\Application\chromedriver.exe

