<?xml version="1.0" encoding="UTF-8"?>
<testng-results ignored="0" total="1" passed="0" failed="1" skipped="0">
  <reporter-output>
  </reporter-output>
  <suite started-at="2019-03-09T20:14:27 EET" name="Default suite" finished-at="2019-03-09T20:14:36 EET" duration-ms="9494">
    <groups>
    </groups>
    <test started-at="2019-03-09T20:14:27 EET" name="Default test" finished-at="2019-03-09T20:14:36 EET" duration-ms="9494">
      <class name="org.maven.test.LoginTest">
        <test-method is-config="true" signature="beforeClass()[pri:0, instance:org.maven.test.LoginTest@3c904f1e]" started-at="2019-03-09T20:14:27 EET" name="beforeClass" finished-at="2019-03-09T20:14:30 EET" duration-ms="3669" status="PASS">
          <reporter-output>
          </reporter-output>
        </test-method> <!-- beforeClass -->
        <test-method signature="emptyValuesLogIn()[pri:0, instance:org.maven.test.LoginTest@3c904f1e]" started-at="2019-03-09T20:14:30 EET" name="emptyValuesLogIn" finished-at="2019-03-09T20:14:35 EET" duration-ms="4629" status="FAIL">
          <exception class="java.lang.IllegalArgumentException">
            <message>
              <![CDATA[Argument is of an illegal type: org.openqa.selenium.By$ByCssSelector]]>
            </message>
            <full-stacktrace>
              <![CDATA[java.lang.IllegalArgumentException: Argument is of an illegal type: org.openqa.selenium.By$ByCssSelector
at org.openqa.selenium.remote.internal.WebElementToJsonConverter.apply(WebElementToJsonConverter.java:83)
at java.base/java.util.stream.ReferencePipeline$3$1.accept(ReferencePipeline.java:195)
at java.base/java.util.Spliterators$ArraySpliterator.forEachRemaining(Spliterators.java:948)
at java.base/java.util.stream.AbstractPipeline.copyInto(AbstractPipeline.java:484)
at java.base/java.util.stream.AbstractPipeline.wrapAndCopyInto(AbstractPipeline.java:474)
at java.base/java.util.stream.ReduceOps$ReduceOp.evaluateSequential(ReduceOps.java:913)
at java.base/java.util.stream.AbstractPipeline.evaluate(AbstractPipeline.java:234)
at java.base/java.util.stream.ReferencePipeline.collect(ReferencePipeline.java:578)
at org.openqa.selenium.remote.RemoteWebDriver.executeScript(RemoteWebDriver.java:484)
at org.maven.pages.HomePage.loginTry(HomePage.java:46)
at org.maven.test.LoginTest.emptyValuesLogIn(LoginTest.java:23)
at java.base/jdk.internal.reflect.NativeMethodAccessorImpl.invoke0(Native Method)
at java.base/jdk.internal.reflect.NativeMethodAccessorImpl.invoke(NativeMethodAccessorImpl.java:62)
at java.base/jdk.internal.reflect.DelegatingMethodAccessorImpl.invoke(DelegatingMethodAccessorImpl.java:43)
at java.base/java.lang.reflect.Method.invoke(Method.java:566)
at org.testng.internal.MethodInvocationHelper.invokeMethod(MethodInvocationHelper.java:131)
at org.testng.internal.TestInvoker.invokeMethod(TestInvoker.java:570)
at org.testng.internal.TestInvoker.invokeTestMethod(TestInvoker.java:170)
at org.testng.internal.MethodRunner.runInSequence(MethodRunner.java:46)
at org.testng.internal.TestInvoker$MethodInvocationAgent.invoke(TestInvoker.java:790)
at org.testng.internal.TestInvoker.invokeTestMethods(TestInvoker.java:143)
at org.testng.internal.TestMethodWorker.invokeTestMethods(TestMethodWorker.java:146)
at org.testng.internal.TestMethodWorker.run(TestMethodWorker.java:128)
at org.testng.TestRunner.privateRun(TestRunner.java:763)
at org.testng.TestRunner.run(TestRunner.java:594)
at org.testng.SuiteRunner.runTest(SuiteRunner.java:398)
at org.testng.SuiteRunner.runSequentially(SuiteRunner.java:392)
at org.testng.SuiteRunner.privateRun(SuiteRunner.java:355)
at org.testng.SuiteRunner.run(SuiteRunner.java:304)
at org.testng.SuiteRunnerWorker.runSuite(SuiteRunnerWorker.java:53)
at org.testng.SuiteRunnerWorker.run(SuiteRunnerWorker.java:96)
at org.testng.TestNG.runSuitesSequentially(TestNG.java:1146)
at org.testng.TestNG.runSuitesLocally(TestNG.java:1067)
at org.testng.TestNG.runSuites(TestNG.java:997)
at org.testng.TestNG.run(TestNG.java:965)
at org.testng.remote.AbstractRemoteTestNG.run(AbstractRemoteTestNG.java:115)
at org.testng.remote.RemoteTestNG.initAndRun(RemoteTestNG.java:251)
at org.testng.remote.RemoteTestNG.main(RemoteTestNG.java:77)
]]>
            </full-stacktrace>
          </exception> <!-- java.lang.IllegalArgumentException -->
          <reporter-output>
          </reporter-output>
        </test-method> <!-- emptyValuesLogIn -->
        <test-method is-config="true" signature="afterClass()[pri:0, instance:org.maven.test.LoginTest@3c904f1e]" started-at="2019-03-09T20:14:35 EET" name="afterClass" finished-at="2019-03-09T20:14:36 EET" duration-ms="854" status="PASS">
          <reporter-output>
          </reporter-output>
        </test-method> <!-- afterClass -->
      </class> <!-- org.maven.test.LoginTest -->
    </test> <!-- Default test -->
  </suite> <!-- Default suite -->
</testng-results>
