<?xml version="1.0" encoding="UTF-8"?>
<testng-results ignored="0" total="1" passed="1" failed="0" skipped="0">
  <reporter-output>
  </reporter-output>
  <suite started-at="2019-03-09T22:29:38 EET" name="Default suite" finished-at="2019-03-09T22:29:53 EET" duration-ms="14315">
    <groups>
    </groups>
    <test started-at="2019-03-09T22:29:38 EET" name="Default test" finished-at="2019-03-09T22:29:53 EET" duration-ms="14315">
      <class name="test.LoginTest">
        <test-method is-config="true" signature="beforeClass()[pri:0, instance:test.LoginTest@889d9e8]" started-at="2019-03-09T22:29:38 EET" name="beforeClass" finished-at="2019-03-09T22:29:43 EET" duration-ms="4710" status="PASS">
          <reporter-output>
          </reporter-output>
        </test-method> <!-- beforeClass -->
        <test-method signature="LogIn()[pri:0, instance:test.LoginTest@889d9e8]" started-at="2019-03-09T22:29:43 EET" name="LogIn" finished-at="2019-03-09T22:29:52 EET" duration-ms="8483" status="PASS">
          <reporter-output>
          </reporter-output>
        </test-method> <!-- LogIn -->
        <test-method is-config="true" signature="afterClass()[pri:0, instance:test.LoginTest@889d9e8]" started-at="2019-03-09T22:29:52 EET" name="afterClass" finished-at="2019-03-09T22:29:53 EET" duration-ms="772" status="PASS">
          <reporter-output>
          </reporter-output>
        </test-method> <!-- afterClass -->
      </class> <!-- test.LoginTest -->
    </test> <!-- Default test -->
  </suite> <!-- Default suite -->
</testng-results>
